<?xml version="1.0" encoding="UTF-8"?>
<testng-results ignored="0" total="1" passed="1" failed="0" skipped="0">
  <reporter-output>
  </reporter-output>
  <suite started-at="2019-02-17T09:16:53Z" name="Default suite" finished-at="2019-02-17T09:17:28Z" duration-ms="35614">
    <groups>
    </groups>
    <test started-at="2019-02-17T09:16:53Z" name="Default test" finished-at="2019-02-17T09:17:28Z" duration-ms="35614">
      <class name="Selenium1.Testcase1">
        <test-method is-config="true" signature="driverdeclare()[pri:0, instance:Selenium1.Testcase1@158a8276]" started-at="2019-02-17T09:16:53Z" name="driverdeclare" finished-at="2019-02-17T09:16:56Z" duration-ms="2944" status="PASS">
          <reporter-output>
          </reporter-output>
        </test-method> <!-- driverdeclare -->
        <test-method signature="test1()[pri:0, instance:Selenium1.Testcase1@158a8276]" started-at="2019-02-17T09:16:56Z" name="test1" description="Testing" finished-at="2019-02-17T09:17:28Z" duration-ms="32634" status="PASS">
          <reporter-output>
          </reporter-output>
        </test-method> <!-- test1 -->
      </class> <!-- Selenium1.Testcase1 -->
    </test> <!-- Default test -->
  </suite> <!-- Default suite -->
</testng-results>
